Using pre-set license
Built from '2020.3/staging' branch; Version is '2020.3.23f1 (c5d91304a876) revision 12966163'; Using compiler version '192528614'; Build Type 'Release'
OS: 'Windows 10 Pro; OS build 19042.1466; Version 2009; 64bit' Language: 'ko' Physical Memory: 12253 MB
BatchMode: 1, IsHumanControllingUs: 0, StartBugReporterOnCrash: 0, Is64bit: 1, IsPro: 0

COMMAND LINE ARGUMENTS:
F:\unity\2020.3.23f1\Editor\Unity.exe
-adb2
-batchMode
-noUpm
-name
AssetImportWorker0
-projectPath
E:/Git/RogueLike_Project
-logFile
Logs/AssetImportWorker0.log
-srvPort
4044
Successfully changed project path to: E:/Git/RogueLike_Project
E:/Git/RogueLike_Project
Using Asset Import Pipeline V2.
Refreshing native plugins compatible for Editor in 132.78 ms, found 2 plugins.
Preloading 0 native plugins for Editor in 0.00 ms.
Initialize engine version: 2020.3.23f1 (c5d91304a876)
[Subsystems] Discovering subsystems at path F:/unity/2020.3.23f1/Editor/Data/Resources/UnitySubsystems
[Subsystems] Discovering subsystems at path E:/Git/RogueLike_Project/Assets
GfxDevice: creating device client; threaded=0
Direct3D:
    Version:  Direct3D 11.0 [level 11.1]
    Renderer: NVIDIA GeForce GTX 1050 Ti (ID=0x1c82)
    Vendor:   
    VRAM:     4018 MB
    Driver:   30.0.14.9709
Initialize mono
Mono path[0] = 'F:/unity/2020.3.23f1/Editor/Data/Managed'
Mono path[1] = 'F:/unity/2020.3.23f1/Editor/Data/MonoBleedingEdge/lib/mono/unityjit'
Mono config path = 'F:/unity/2020.3.23f1/Editor/Data/MonoBleedingEdge/etc'
Using monoOptions --debugger-agent=transport=dt_socket,embedding=1,server=y,suspend=n,address=127.0.0.1:56532
Begin MonoManager ReloadAssembly
Registering precompiled unity dll's ...
Register platform support module: F:/unity/2020.3.23f1/Editor/Data/PlaybackEngines/WindowsStandaloneSupport/UnityEditor.WindowsStandalone.Extensions.dll
Registered in 0.002326 seconds.
Native extension for WindowsStandalone target not found
Refreshing native plugins compatible for Editor in 132.93 ms, found 2 plugins.
Preloading 0 native plugins for Editor in 0.00 ms.
Mono: successfully reloaded assembly
- Completed reload, in  0.889 seconds
Domain Reload Profiling:
	ReloadAssembly (889ms)
		BeginReloadAssembly (103ms)
			ExecutionOrderSort (0ms)
			DisableScriptedObjects (0ms)
			BackupInstance (0ms)
			ReleaseScriptingObjects (0ms)
			CreateAndSetChildDomain (1ms)
		EndReloadAssembly (692ms)
			LoadAssemblies (102ms)
			RebuildTransferFunctionScriptingTraits (0ms)
			SetupTypeCache (202ms)
			ReleaseScriptCaches (0ms)
			RebuildScriptCaches (41ms)
			SetupLoadedEditorAssemblies (303ms)
				LogAssemblyErrors (0ms)
				InitializePlatformSupportModulesInManaged (5ms)
				SetLoadedEditorAssemblies (0ms)
				RefreshPlugins (133ms)
				BeforeProcessingInitializeOnLoad (17ms)
				ProcessInitializeOnLoadAttributes (109ms)
				ProcessInitializeOnLoadMethodAttributes (38ms)
				AfterProcessingInitializeOnLoad (0ms)
				EditorAssembliesLoaded (0ms)
			ExecutionOrderSort2 (0ms)
			AwakeInstancesAfterBackupRestoration (0ms)
Platform modules already initialized, skipping
Registering precompiled user dll's ...
Registered in 0.009093 seconds.
Begin MonoManager ReloadAssembly
Native extension for WindowsStandalone target not found
Refreshing native plugins compatible for Editor in 1.15 ms, found 2 plugins.
Preloading 0 native plugins for Editor in 0.00 ms.
Mono: successfully reloaded assembly
- Completed reload, in  1.402 seconds
Domain Reload Profiling:
	ReloadAssembly (1403ms)
		BeginReloadAssembly (219ms)
			ExecutionOrderSort (0ms)
			DisableScriptedObjects (7ms)
			BackupInstance (0ms)
			ReleaseScriptingObjects (0ms)
			CreateAndSetChildDomain (22ms)
		EndReloadAssembly (1106ms)
			LoadAssemblies (150ms)
			RebuildTransferFunctionScriptingTraits (0ms)
			SetupTypeCache (377ms)
			ReleaseScriptCaches (0ms)
			RebuildScriptCaches (63ms)
			SetupLoadedEditorAssemblies (423ms)
				LogAssemblyErrors (0ms)
				InitializePlatformSupportModulesInManaged (6ms)
				SetLoadedEditorAssemblies (1ms)
				RefreshPlugins (1ms)
				BeforeProcessingInitializeOnLoad (135ms)
				ProcessInitializeOnLoadAttributes (262ms)
				ProcessInitializeOnLoadMethodAttributes (12ms)
				AfterProcessingInitializeOnLoad (5ms)
				EditorAssembliesLoaded (0ms)
			ExecutionOrderSort2 (0ms)
			AwakeInstancesAfterBackupRestoration (8ms)
Platform modules already initialized, skipping
========================================================================
Worker process is ready to serve import requests
Launched and connected shader compiler UnityShaderCompiler.exe after 0.10 seconds
Refreshing native plugins compatible for Editor in 1.15 ms, found 2 plugins.
Preloading 0 native plugins for Editor in 0.00 ms.
Unloading 1634 Unused Serialized files (Serialized files now loaded: 0)
System memory in use before: 161.9 MB.
System memory in use after: 161.9 MB.

Unloading 20 unused Assets to reduce memory usage. Loaded Objects now: 2078.
Total: 4.015300 ms (FindLiveObjects: 0.206800 ms CreateObjectMapping: 0.075400 ms MarkObjects: 3.546600 ms  DeleteObjects: 0.184600 ms)

AssetImportParameters requested are different than current active one (requested -> active):
  custom:framework-win-MediaFoundation: 216162199b28c13a410421893ffa2e32 -> 
  custom:video-decoder-ogg-theora: a1e56fd34408186e4bbccfd4996cb3dc -> 
  custom:container-muxer-webm: aa71ff27fc2769a1b78a27578f13a17b -> 
  custom:container-demuxer-webm: 4f35f7cbe854078d1ac9338744f61a02 -> 
  custom:container-demuxer-ogg: 62fdf1f143b41e24485cea50d1cbac27 -> 
  custom:video-encoder-webm-vp8: eb34c28f22e8b96e1ab97ce403110664 -> 
  custom:video-decoder-webm-vp8: 9c59270c3fd7afecdb556c50c9e8de78 -> 
  custom:audio-decoder-ogg-vorbis: bf7c407c2cedff20999df2af8eb42d56 -> 
  custom:audio-encoder-webm-vorbis: bf7c407c2cedff20999df2af8eb42d56 -> 
========================================================================
Received Import Request.
  path: Assets/sky5X/sky5X_textures/skyX51+z.png
  artifactKey: Guid(5a88471d48adeb5439a6f1fb77fffb76) Importer(815301076,1909f56bfc062723c751e8b465ee728b)
Start importing Assets/sky5X/sky5X_textures/skyX51+z.png using Guid(5a88471d48adeb5439a6f1fb77fffb76) Importer(815301076,1909f56bfc062723c751e8b465ee728b)  -> (artifact id: 'b1870ebf06b8fc21537818b2ebb37e88') in 0.474154 seconds 
  Import took 0.555221 seconds .

========================================================================
Received Import Request.
  Time since last request: 0.342152 seconds.
  path: Assets/Coin.cs
  artifactKey: Guid(ebac852cd186c0e43b7de0e171c7d368) Importer(815301076,1909f56bfc062723c751e8b465ee728b)
Start importing Assets/Coin.cs using Guid(ebac852cd186c0e43b7de0e171c7d368) Importer(815301076,1909f56bfc062723c751e8b465ee728b)  -> (artifact id: 'd7a1fe2ce0f92b82207e7262a9102ed6') in 0.028201 seconds 
  Import took 0.087378 seconds .

========================================================================
Received Import Request.
  Time since last request: 0.043390 seconds.
  path: Assets/Scripts/Enemy.cs
  artifactKey: Guid(5bd0040117550ef4b8a1af651b6a2442) Importer(815301076,1909f56bfc062723c751e8b465ee728b)
Start importing Assets/Scripts/Enemy.cs using Guid(5bd0040117550ef4b8a1af651b6a2442) Importer(815301076,1909f56bfc062723c751e8b465ee728b)  -> (artifact id: 'f971038632591880cba83948e6939232') in 0.004098 seconds 
  Import took 0.043840 seconds .

========================================================================
Received Import Request.
  Time since last request: 4.860419 seconds.
  path: Assets/sky5X/sky5X_textures/skyX52+y.png
  artifactKey: Guid(7b732c99b3c5a79469b9ae07d0032abe) Importer(815301076,1909f56bfc062723c751e8b465ee728b)
Start importing Assets/sky5X/sky5X_textures/skyX52+y.png using Guid(7b732c99b3c5a79469b9ae07d0032abe) Importer(815301076,1909f56bfc062723c751e8b465ee728b)  -> (artifact id: '6c2ae686fe88dc5c7f5cafecf5728675') in 0.033628 seconds 
  Import took 0.091883 seconds .

========================================================================
Received Import Request.
  Time since last request: 4.851448 seconds.
  path: Assets/Scenes/1Floor/1Floor_Stage4.unity
  artifactKey: Guid(7e3831f06119ebe45a60b246a892aa87) Importer(815301076,1909f56bfc062723c751e8b465ee728b)
Start importing Assets/Scenes/1Floor/1Floor_Stage4.unity using Guid(7e3831f06119ebe45a60b246a892aa87) Importer(815301076,1909f56bfc062723c751e8b465ee728b)  -> (artifact id: 'e14c922194f01d2e029beeb14c304773') in 0.005904 seconds 
  Import took 0.090885 seconds .

========================================================================
Received Import Request.
  Time since last request: 9.081809 seconds.
  path: Assets/Scripts/AiController.cs
  artifactKey: Guid(76c48ec182f9f4c44ac5b48af2136b02) Importer(815301076,1909f56bfc062723c751e8b465ee728b)
Start importing Assets/Scripts/AiController.cs using Guid(76c48ec182f9f4c44ac5b48af2136b02) Importer(815301076,1909f56bfc062723c751e8b465ee728b)  -> (artifact id: '3ffffa0cbca36e46a143e11d5b7a3fc7') in 0.003508 seconds 
  Import took 0.039650 seconds .

========================================================================
Received Import Request.
  Time since last request: 0.014667 seconds.
  path: Assets/Scripts/BossController.cs
  artifactKey: Guid(54fe21917a10b3f4b97fa373375f0e8a) Importer(815301076,1909f56bfc062723c751e8b465ee728b)
Start importing Assets/Scripts/BossController.cs using Guid(54fe21917a10b3f4b97fa373375f0e8a) Importer(815301076,1909f56bfc062723c751e8b465ee728b)  -> (artifact id: 'cd5790a6a2ac607a3fb9217cfe526c2d') in 0.003611 seconds 
  Import took 0.058097 seconds .

========================================================================
Received Import Request.
  Time since last request: 2.324213 seconds.
  path: Assets/BitGem/Skeleton_King/Animations/Skeleton_King_Death.anim
  artifactKey: Guid(1ee0aea087688486ea005b75f2243728) Importer(815301076,1909f56bfc062723c751e8b465ee728b)
Start importing Assets/BitGem/Skeleton_King/Animations/Skeleton_King_Death.anim using Guid(1ee0aea087688486ea005b75f2243728) Importer(815301076,1909f56bfc062723c751e8b465ee728b)  -> (artifact id: '7c49d3346352aab18d96fa8a56aedff0') in 0.082365 seconds 
  Import took 0.186797 seconds .

========================================================================
Received Import Request.
  Time since last request: 1.229521 seconds.
  path: Assets/sky5X
  artifactKey: Guid(ac93b7bd2baeaf744a0bf86990a85539) Importer(815301076,1909f56bfc062723c751e8b465ee728b)
Start importing Assets/sky5X using Guid(ac93b7bd2baeaf744a0bf86990a85539) Importer(815301076,1909f56bfc062723c751e8b465ee728b)  -> (artifact id: '591a5949b114b8bb2b64124f83d7e146') in 0.003431 seconds 
  Import took 0.039643 seconds .

========================================================================
Received Import Request.
  Time since last request: 3.560681 seconds.
  path: Assets/sky5X/sky5X_textures/skyX51+x.png
  artifactKey: Guid(7ec97cef417aea24187127b871f79cf9) Importer(815301076,1909f56bfc062723c751e8b465ee728b)
Start importing Assets/sky5X/sky5X_textures/skyX51+x.png using Guid(7ec97cef417aea24187127b871f79cf9) Importer(815301076,1909f56bfc062723c751e8b465ee728b)  -> (artifact id: 'b4ac443dfa92ced07bd7158463c0c1a5') in 0.036133 seconds 
  Import took 0.079644 seconds .

========================================================================
Received Import Request.
  Time since last request: 2.659738 seconds.
  path: Assets/BitGem/Skeleton_King/Animations/Skeleton_King_Attack_02.anim
  artifactKey: Guid(9312a201346a846d09f36c0524dc34a6) Importer(815301076,1909f56bfc062723c751e8b465ee728b)
Start importing Assets/BitGem/Skeleton_King/Animations/Skeleton_King_Attack_02.anim using Guid(9312a201346a846d09f36c0524dc34a6) Importer(815301076,1909f56bfc062723c751e8b465ee728b)  -> (artifact id: '1ab51f49837fc3e3116c85c9ef4f9c15') in 0.065341 seconds 
  Import took 0.134380 seconds .

========================================================================
Received Import Request.
  Time since last request: 1.102034 seconds.
  path: Assets/sky5X/sky5X_textures/skyX53+z.png
  artifactKey: Guid(1b4e6cc33563f5a43bcb38d0b0a6c80a) Importer(815301076,1909f56bfc062723c751e8b465ee728b)
Start importing Assets/sky5X/sky5X_textures/skyX53+z.png using Guid(1b4e6cc33563f5a43bcb38d0b0a6c80a) Importer(815301076,1909f56bfc062723c751e8b465ee728b)  -> (artifact id: '1942a820826125b7ded214faee5431a1') in 0.019047 seconds 
  Import took 0.060748 seconds .

========================================================================
Received Import Request.
  Time since last request: 4.513992 seconds.
  path: Assets/sky5X/sky5X_textures/skyX51-x.png
  artifactKey: Guid(610d6985ab90c9d43895bfcf1edc1e1f) Importer(815301076,1909f56bfc062723c751e8b465ee728b)
Start importing Assets/sky5X/sky5X_textures/skyX51-x.png using Guid(610d6985ab90c9d43895bfcf1edc1e1f) Importer(815301076,1909f56bfc062723c751e8b465ee728b)  -> (artifact id: '88e02ae533d12c60b857d7ca9e48848f') in 0.025169 seconds 
  Import took 0.062694 seconds .

========================================================================
Received Import Request.
  Time since last request: 1.433463 seconds.
  path: Assets/sky5X/sky5X_textures/skyX54+y.png
  artifactKey: Guid(7cb8be361ca1b7b4197f117ab121a7f4) Importer(815301076,1909f56bfc062723c751e8b465ee728b)
Start importing Assets/sky5X/sky5X_textures/skyX54+y.png using Guid(7cb8be361ca1b7b4197f117ab121a7f4) Importer(815301076,1909f56bfc062723c751e8b465ee728b)  -> (artifact id: '86b23a15a86e4bce6d1d608d247ee487') in 0.025736 seconds 
  Import took 0.094068 seconds .

========================================================================
Received Import Request.
  Time since last request: 1.433549 seconds.
  path: Assets/sky5X/sky5X_textures/skyX53-x.png
  artifactKey: Guid(9526bf9c85a76e140bba2b7054b6d9b4) Importer(815301076,1909f56bfc062723c751e8b465ee728b)
Start importing Assets/sky5X/sky5X_textures/skyX53-x.png using Guid(9526bf9c85a76e140bba2b7054b6d9b4) Importer(815301076,1909f56bfc062723c751e8b465ee728b)  -> (artifact id: '579726012928f70f366f3d615b5edf60') in 0.036247 seconds 
  Import took 0.090062 seconds .

========================================================================
Received Import Request.
  Time since last request: 10.674189 seconds.
  path: Assets/sky5X/sky5X_textures/skyX51-y.png
  artifactKey: Guid(25656bb4bdba9d74fbdcec086c36da54) Importer(815301076,1909f56bfc062723c751e8b465ee728b)
Start importing Assets/sky5X/sky5X_textures/skyX51-y.png using Guid(25656bb4bdba9d74fbdcec086c36da54) Importer(815301076,1909f56bfc062723c751e8b465ee728b)  -> (artifact id: '53a10668b997679ef5a3ba0b052ca5af') in 0.052492 seconds 
  Import took 0.087851 seconds .

========================================================================
Received Import Request.
  Time since last request: 0.693782 seconds.
  path: Assets/Scenes/BossStage1
  artifactKey: Guid(2787dc42c0b60a44cabb5065a6e001c8) Importer(815301076,1909f56bfc062723c751e8b465ee728b)
Start importing Assets/Scenes/BossStage1 using Guid(2787dc42c0b60a44cabb5065a6e001c8) Importer(815301076,1909f56bfc062723c751e8b465ee728b)  -> (artifact id: 'b6895d30a01c8b10d3e40babc56edd7c') in 0.004781 seconds 
  Import took 0.068925 seconds .

========================================================================
Received Import Request.
  Time since last request: 0.484022 seconds.
  path: Assets/Scenes/1Floor/1Floor_Stage1.unity
  artifactKey: Guid(6b3a47ecb7e5c1f47b3aa46432b1fa8c) Importer(815301076,1909f56bfc062723c751e8b465ee728b)
Start importing Assets/Scenes/1Floor/1Floor_Stage1.unity using Guid(6b3a47ecb7e5c1f47b3aa46432b1fa8c) Importer(815301076,1909f56bfc062723c751e8b465ee728b)  -> (artifact id: '60473732fa8113b158fade3136d4b031') in 0.004527 seconds 
  Import took 0.049035 seconds .

========================================================================
Received Import Request.
  Time since last request: 5.984133 seconds.
  path: Assets/Save/PlayerData.json
  artifactKey: Guid(78c5a563d60ca934ab4bcdd22776fe28) Importer(815301076,1909f56bfc062723c751e8b465ee728b)
Start importing Assets/Save/PlayerData.json using Guid(78c5a563d60ca934ab4bcdd22776fe28) Importer(815301076,1909f56bfc062723c751e8b465ee728b)  -> (artifact id: 'caef36866ae2d2f4175104b11efe5f83') in 0.038192 seconds 
  Import took 0.069316 seconds .

========================================================================
Received Import Request.
  Time since last request: 7.196344 seconds.
  path: Assets/BitGem/Skeleton_King/Animations/Skeleton_King_Spawn.anim
  artifactKey: Guid(3cc400142a10d44dcb5bb8a5344fb51d) Importer(815301076,1909f56bfc062723c751e8b465ee728b)
Start importing Assets/BitGem/Skeleton_King/Animations/Skeleton_King_Spawn.anim using Guid(3cc400142a10d44dcb5bb8a5344fb51d) Importer(815301076,1909f56bfc062723c751e8b465ee728b)  -> (artifact id: 'd4e820cecdca4cc8b7945147405d845f') in 0.046350 seconds 
  Import took 0.086646 seconds .

========================================================================
Received Import Request.
  Time since last request: 10.200736 seconds.
  path: Assets/sky5X/sky5X_textures/skyX52+x.png
  artifactKey: Guid(085a260b2d99bd54d8a8f7587c6cdd5f) Importer(815301076,1909f56bfc062723c751e8b465ee728b)
Start importing Assets/sky5X/sky5X_textures/skyX52+x.png using Guid(085a260b2d99bd54d8a8f7587c6cdd5f) Importer(815301076,1909f56bfc062723c751e8b465ee728b)  -> (artifact id: '895cb2888b71c926be9ab8ad8058c846') in 0.016445 seconds 
  Import took 0.032587 seconds .

========================================================================
Received Import Request.
  Time since last request: 1.765782 seconds.
  path: Assets/Scripts/UiManager.cs
  artifactKey: Guid(869ae732a7ed43948bb8ffc4365aab8d) Importer(815301076,1909f56bfc062723c751e8b465ee728b)
Start importing Assets/Scripts/UiManager.cs using Guid(869ae732a7ed43948bb8ffc4365aab8d) Importer(815301076,1909f56bfc062723c751e8b465ee728b)  -> (artifact id: '178473a8881405e7756df3540ba03397') in 0.003497 seconds 
  Import took 0.053495 seconds .

========================================================================
Received Import Request.
  Time since last request: 7.451462 seconds.
  path: Assets/Portal.cs
  artifactKey: Guid(093df66759f00a04284ab1bc4ca8b8cc) Importer(815301076,1909f56bfc062723c751e8b465ee728b)
Start importing Assets/Portal.cs using Guid(093df66759f00a04284ab1bc4ca8b8cc) Importer(815301076,1909f56bfc062723c751e8b465ee728b)  -> (artifact id: 'e50ed767fbccae39d66314d07e36acda') in 0.030007 seconds 
  Import took 0.058063 seconds .

========================================================================
Received Import Request.
  Time since last request: 1.873375 seconds.
  path: Assets/sky5X/sky5X_textures/skyX52-z.png
  artifactKey: Guid(eb149b2caa0efbc46806952a3ab0862d) Importer(815301076,1909f56bfc062723c751e8b465ee728b)
Start importing Assets/sky5X/sky5X_textures/skyX52-z.png using Guid(eb149b2caa0efbc46806952a3ab0862d) Importer(815301076,1909f56bfc062723c751e8b465ee728b)  -> (artifact id: '4c9a2ea256b056c7534621d1d89036db') in 0.032463 seconds 
  Import took 0.103609 seconds .

========================================================================
Received Import Request.
  Time since last request: 1.067782 seconds.
  path: Assets/BitGem/Skeleton_King/Animations/Skeleton_King_Raise_Dead_Start.anim
  artifactKey: Guid(528166027ab3441fca36ad8a1b5dae21) Importer(815301076,1909f56bfc062723c751e8b465ee728b)
Start importing Assets/BitGem/Skeleton_King/Animations/Skeleton_King_Raise_Dead_Start.anim using Guid(528166027ab3441fca36ad8a1b5dae21) Importer(815301076,1909f56bfc062723c751e8b465ee728b)  -> (artifact id: '767e25963a2f865e8b7ff55972fc955e') in 0.048132 seconds 
  Import took 0.127174 seconds .

========================================================================
Received Import Request.
  Time since last request: 3.669356 seconds.
  path: Assets/sky5X/sky5X_textures/skyX54+x.png
  artifactKey: Guid(b269272c0c2ba5441b38bff595be1f9a) Importer(815301076,1909f56bfc062723c751e8b465ee728b)
Start importing Assets/sky5X/sky5X_textures/skyX54+x.png using Guid(b269272c0c2ba5441b38bff595be1f9a) Importer(815301076,1909f56bfc062723c751e8b465ee728b)  -> (artifact id: '1c966680e6c6f046ff1a4b75f27628f4') in 0.018232 seconds 
  Import took 0.043803 seconds .

========================================================================
Received Import Request.
  Time since last request: 3.900460 seconds.
  path: Assets/BitGem/Skeleton_King/Animations/Skeleton_King_Run_Loop.anim
  artifactKey: Guid(869dad42d46b24f71b8c6e7af51165da) Importer(815301076,1909f56bfc062723c751e8b465ee728b)
Start importing Assets/BitGem/Skeleton_King/Animations/Skeleton_King_Run_Loop.anim using Guid(869dad42d46b24f71b8c6e7af51165da) Importer(815301076,1909f56bfc062723c751e8b465ee728b)  -> (artifact id: 'ee25f3beea1e08beb342833e5e580cb2') in 0.017148 seconds 
  Import took 0.086835 seconds .

========================================================================
Received Import Request.
  Time since last request: 3.599055 seconds.
  path: Assets/Material/New Material.mat
  artifactKey: Guid(e8ec8e7c00901874682fbc7f8053f2bc) Importer(815301076,1909f56bfc062723c751e8b465ee728b)
Start importing Assets/Material/New Material.mat using Guid(e8ec8e7c00901874682fbc7f8053f2bc) Importer(815301076,1909f56bfc062723c751e8b465ee728b)  -> (artifact id: '92b7ba87eb3840375fea5873c0bf569e') in 0.307224 seconds 
  Import took 0.385985 seconds .

========================================================================
Received Import Request.
  Time since last request: 2.493305 seconds.
  path: Assets/sky5X/README.txt
  artifactKey: Guid(fdf5d809b3379b444bd00660c794e566) Importer(815301076,1909f56bfc062723c751e8b465ee728b)
Start importing Assets/sky5X/README.txt using Guid(fdf5d809b3379b444bd00660c794e566) Importer(815301076,1909f56bfc062723c751e8b465ee728b)  -> (artifact id: '9b1c005282fe6cd42ca581ab744d885e') in 0.033698 seconds 
  Import took 0.067138 seconds .

========================================================================
Received Import Request.
  Time since last request: 0.983510 seconds.
  path: Assets/GameManager.cs
  artifactKey: Guid(c6545a61e3a58aa4e88bb4b5ce0a7a53) Importer(815301076,1909f56bfc062723c751e8b465ee728b)
Start importing Assets/GameManager.cs using Guid(c6545a61e3a58aa4e88bb4b5ce0a7a53) Importer(815301076,1909f56bfc062723c751e8b465ee728b)  -> (artifact id: 'a44cdb73ed98326d12fe4f00501f1551') in 0.003361 seconds 
  Import took 0.035905 seconds .

========================================================================
Received Import Request.
  Time since last request: 1.497492 seconds.
  path: Assets/Resources/Player/Player.prefab
  artifactKey: Guid(2f56fbe6a21ff95499494d8891ee21b1) Importer(815301076,1909f56bfc062723c751e8b465ee728b)
Start importing Assets/Resources/Player/Player.prefab using Guid(2f56fbe6a21ff95499494d8891ee21b1) Importer(815301076,1909f56bfc062723c751e8b465ee728b)  -> (artifact id: '87049dc90fa058759ddd794137bd75bc') in 0.897778 seconds 
  Import took 0.969792 seconds .

========================================================================
Received Import Request.
  Time since last request: 0.108721 seconds.
  path: Assets/sky5X/sky5X_textures/skyX51-z.png
  artifactKey: Guid(5df3a5da4b9409d4e8dcfcb5a7f2efb6) Importer(815301076,1909f56bfc062723c751e8b465ee728b)
Start importing Assets/sky5X/sky5X_textures/skyX51-z.png using Guid(5df3a5da4b9409d4e8dcfcb5a7f2efb6) Importer(815301076,1909f56bfc062723c751e8b465ee728b)  -> (artifact id: 'e73f0eb005999ba46a2c7ce0a88f8908') in 0.070173 seconds 
  Import took 0.126120 seconds .

========================================================================
Received Import Request.
  Time since last request: 2.300823 seconds.
  path: Assets/Scripts/SaveAndLoad.cs
  artifactKey: Guid(c0cd55276b7854c4cb8be96a09d4a4bb) Importer(815301076,1909f56bfc062723c751e8b465ee728b)
Start importing Assets/Scripts/SaveAndLoad.cs using Guid(c0cd55276b7854c4cb8be96a09d4a4bb) Importer(815301076,1909f56bfc062723c751e8b465ee728b)  -> (artifact id: 'ae103d0731abe540495bcc7f97ca8b2b') in 0.003659 seconds 
  Import took 0.043266 seconds .

========================================================================
Received Import Request.
  Time since last request: 13.599669 seconds.
  path: Assets/sky5X/sky5X_textures/skyX53-z.png
  artifactKey: Guid(2f457ab648d52c3438926569eff3903b) Importer(815301076,1909f56bfc062723c751e8b465ee728b)
Start importing Assets/sky5X/sky5X_textures/skyX53-z.png using Guid(2f457ab648d52c3438926569eff3903b) Importer(815301076,1909f56bfc062723c751e8b465ee728b)  -> (artifact id: '35a979793f7b39e56801ac61288274db') in 0.024196 seconds 
  Import took 0.124385 seconds .

========================================================================
Received Import Request.
  Time since last request: 7.174101 seconds.
  path: Assets/sky5X/sky5X_textures/skyX52-x.png
  artifactKey: Guid(f21555550245a7d40a2fdc7cabed71be) Importer(815301076,1909f56bfc062723c751e8b465ee728b)
Start importing Assets/sky5X/sky5X_textures/skyX52-x.png using Guid(f21555550245a7d40a2fdc7cabed71be) Importer(815301076,1909f56bfc062723c751e8b465ee728b)  -> (artifact id: '971cce55ab1e58b312a8b8c6e7630967') in 0.036096 seconds 
  Import took 0.113635 seconds .

========================================================================
Received Import Request.
  Time since last request: 3.209406 seconds.
  path: Assets/sky5X/sky5X_textures
  artifactKey: Guid(16c89eb66186d3d43891f352aee0a606) Importer(815301076,1909f56bfc062723c751e8b465ee728b)
Start importing Assets/sky5X/sky5X_textures using Guid(16c89eb66186d3d43891f352aee0a606) Importer(815301076,1909f56bfc062723c751e8b465ee728b)  -> (artifact id: 'a5b7ede7a397fddff0e007392c20eab2') in 0.003523 seconds 
  Import took 0.040163 seconds .

========================================================================
Received Import Request.
  Time since last request: 4.992223 seconds.
  path: Assets/sky5X/sky5X_textures/skyX53+y.png
  artifactKey: Guid(9c15b007bc3e6a34f843295e48f9b10a) Importer(815301076,1909f56bfc062723c751e8b465ee728b)
Start importing Assets/sky5X/sky5X_textures/skyX53+y.png using Guid(9c15b007bc3e6a34f843295e48f9b10a) Importer(815301076,1909f56bfc062723c751e8b465ee728b)  -> (artifact id: '5b106c447eba2a18623017fbf605dbd7') in 0.038039 seconds 
  Import took 0.079398 seconds .

========================================================================
Received Import Request.
  Time since last request: 5.744352 seconds.
  path: Assets/Animation/Enemy/KingAnimator.controller
  artifactKey: Guid(9b77dc0171a69604dac1adf8a96a84c0) Importer(815301076,1909f56bfc062723c751e8b465ee728b)
Start importing Assets/Animation/Enemy/KingAnimator.controller using Guid(9b77dc0171a69604dac1adf8a96a84c0) Importer(815301076,1909f56bfc062723c751e8b465ee728b)  -> (artifact id: 'ce2c7640c68039c0411b6da4759ebbf5') in 0.309594 seconds 
  Import took 0.374312 seconds .

========================================================================
Received Import Request.
  Time since last request: 2.324858 seconds.
  path: Assets/sky5X/sky5X_textures/skyX53-y.png
  artifactKey: Guid(b7cd9fbb5ae5e7a4bad1091bd6724b9f) Importer(815301076,1909f56bfc062723c751e8b465ee728b)
Start importing Assets/sky5X/sky5X_textures/skyX53-y.png using Guid(b7cd9fbb5ae5e7a4bad1091bd6724b9f) Importer(815301076,1909f56bfc062723c751e8b465ee728b)  -> (artifact id: 'eb76782e95a60d3c9ed1418f06f5329b') in 0.028708 seconds 
  Import took 0.055695 seconds .

========================================================================
Received Import Request.
  Time since last request: 2.067061 seconds.
  path: Assets/Scripts/Arrow.cs
  artifactKey: Guid(9e02a2970db73044083a117df2f1faf6) Importer(815301076,1909f56bfc062723c751e8b465ee728b)
Start importing Assets/Scripts/Arrow.cs using Guid(9e02a2970db73044083a117df2f1faf6) Importer(815301076,1909f56bfc062723c751e8b465ee728b)  -> (artifact id: 'a4117d60abc4335a315f31b6b20e78a2') in 0.003237 seconds 
  Import took 0.017840 seconds .

========================================================================
Received Import Request.
  Time since last request: 10.097618 seconds.
  path: Assets/sky5X/sky5X_textures/skyX54-x.png
  artifactKey: Guid(b446043d575498d4fb9f8b8fbaea7134) Importer(815301076,1909f56bfc062723c751e8b465ee728b)
Start importing Assets/sky5X/sky5X_textures/skyX54-x.png using Guid(b446043d575498d4fb9f8b8fbaea7134) Importer(815301076,1909f56bfc062723c751e8b465ee728b)  -> (artifact id: '5eacca7b3d85cb7f24cc9707c0be6ca1') in 0.031824 seconds 
  Import took 0.068006 seconds .

========================================================================
Received Import Request.
  Time since last request: 11.215250 seconds.
  path: Assets/Scenes/1Floor/1Floor_Stage5.unity
  artifactKey: Guid(925d0923539435142bcb7530f1fd40d1) Importer(815301076,1909f56bfc062723c751e8b465ee728b)
Start importing Assets/Scenes/1Floor/1Floor_Stage5.unity using Guid(925d0923539435142bcb7530f1fd40d1) Importer(815301076,1909f56bfc062723c751e8b465ee728b)  -> (artifact id: '31ca075307bd41ba1a51f8c57908476d') in 0.004082 seconds 
  Import took 0.021296 seconds .

========================================================================
Received Import Request.
  Time since last request: 1.714328 seconds.
  path: Assets/BitGem/Skeleton_King/Animations/Skeleton_King_Attack_01.anim
  artifactKey: Guid(5ccefe4a8fa8f4b28a338f5cf2c1bcb0) Importer(815301076,1909f56bfc062723c751e8b465ee728b)
Start importing Assets/BitGem/Skeleton_King/Animations/Skeleton_King_Attack_01.anim using Guid(5ccefe4a8fa8f4b28a338f5cf2c1bcb0) Importer(815301076,1909f56bfc062723c751e8b465ee728b)  -> (artifact id: '249467b83099fcc8061626d7c0734d14') in 0.055479 seconds 
  Import took 0.114923 seconds .

========================================================================
Received Import Request.
  Time since last request: 17.074719 seconds.
  path: Assets/Scenes/1Floor/1Floor_Stage3.unity
  artifactKey: Guid(24e33c3149c85a64586a9050d0856d25) Importer(815301076,1909f56bfc062723c751e8b465ee728b)
Start importing Assets/Scenes/1Floor/1Floor_Stage3.unity using Guid(24e33c3149c85a64586a9050d0856d25) Importer(815301076,1909f56bfc062723c751e8b465ee728b)  -> (artifact id: 'd9867db25087613ec724eca9a9af55f9') in 0.004699 seconds 
  Import took 0.035002 seconds .

========================================================================
Received Import Request.
  Time since last request: 0.775143 seconds.
  path: Assets/sky5X/sky5X_textures/skyX54+z.png
  artifactKey: Guid(de0602974f14d1e45a7cec9dca6b3c4f) Importer(815301076,1909f56bfc062723c751e8b465ee728b)
Start importing Assets/sky5X/sky5X_textures/skyX54+z.png using Guid(de0602974f14d1e45a7cec9dca6b3c4f) Importer(815301076,1909f56bfc062723c751e8b465ee728b)  -> (artifact id: '54c81d03c316ed528ebc705c68c90526') in 0.064577 seconds 
  Import took 0.093884 seconds .

========================================================================
Received Import Request.
  Time since last request: 3.618918 seconds.
  path: Assets/StageManager.cs
  artifactKey: Guid(562ed6c46940e234386f199bcb7f0a03) Importer(815301076,1909f56bfc062723c751e8b465ee728b)
Start importing Assets/StageManager.cs using Guid(562ed6c46940e234386f199bcb7f0a03) Importer(815301076,1909f56bfc062723c751e8b465ee728b)  -> (artifact id: 'd8f8def1ab7b9d6dda4154a62946098e') in 0.003099 seconds 
  Import took 0.028674 seconds .

========================================================================
Received Import Request.
  Time since last request: 1.808061 seconds.
  path: Assets/sky5X/sky5X_textures/skyX52-y.png
  artifactKey: Guid(b5ed0d4f1b163d644bb5daa3cb634dce) Importer(815301076,1909f56bfc062723c751e8b465ee728b)
Start importing Assets/sky5X/sky5X_textures/skyX52-y.png using Guid(b5ed0d4f1b163d644bb5daa3cb634dce) Importer(815301076,1909f56bfc062723c751e8b465ee728b)  -> (artifact id: '8eff0c98caff1a2608ac975971867ef3') in 0.031380 seconds 
  Import took 0.061373 seconds .

========================================================================
Received Import Request.
  Time since last request: 1.215347 seconds.
  path: Assets/Scenes/BossStage1/NavMesh.asset
  artifactKey: Guid(63e2c0560f75a474e8fe7225bbc14412) Importer(815301076,1909f56bfc062723c751e8b465ee728b)
Start importing Assets/Scenes/BossStage1/NavMesh.asset using Guid(63e2c0560f75a474e8fe7225bbc14412) Importer(815301076,1909f56bfc062723c751e8b465ee728b)  -> (artifact id: '8ae7b964ea2f420e290a442589ae9183') in 0.027623 seconds 
  Import took 0.076907 seconds .

========================================================================
Received Import Request.
  Time since last request: 1.714775 seconds.
  path: Assets/sky5X/sky5X_textures/skyX51+y.png
  artifactKey: Guid(a88bc1d48e8ad1141a7f5c7252a63f30) Importer(815301076,1909f56bfc062723c751e8b465ee728b)
Start importing Assets/sky5X/sky5X_textures/skyX51+y.png using Guid(a88bc1d48e8ad1141a7f5c7252a63f30) Importer(815301076,1909f56bfc062723c751e8b465ee728b)  -> (artifact id: 'bef9f028db78686091bcd518e28f7549') in 0.048749 seconds 
  Import took 0.070361 seconds .

========================================================================
Received Import Request.
  Time since last request: 12.358359 seconds.
  path: Assets/sky5X/sky5X_textures/skyX52+z.png
  artifactKey: Guid(337833f88c399624fb07b195c10dc6ed) Importer(815301076,1909f56bfc062723c751e8b465ee728b)
Start importing Assets/sky5X/sky5X_textures/skyX52+z.png using Guid(337833f88c399624fb07b195c10dc6ed) Importer(815301076,1909f56bfc062723c751e8b465ee728b)  -> (artifact id: '19e16462b1af76cfb765430b320393d5') in 0.036501 seconds 
  Import took 0.090125 seconds .

========================================================================
Received Import Request.
  Time since last request: 0.102206 seconds.
  path: Assets/sky5X/sky5X_textures/skyX53+x.png
  artifactKey: Guid(2264faf4f795b6843932d09a642d442b) Importer(815301076,1909f56bfc062723c751e8b465ee728b)
Start importing Assets/sky5X/sky5X_textures/skyX53+x.png using Guid(2264faf4f795b6843932d09a642d442b) Importer(815301076,1909f56bfc062723c751e8b465ee728b)  -> (artifact id: 'f722a047d6a4e3eba36a572add5de185') in 0.036069 seconds 
  Import took 0.058831 seconds .

========================================================================
Received Import Request.
  Time since last request: 10.580181 seconds.
  path: Assets/sky5X/sky5X_textures/skyX54-y.png
  artifactKey: Guid(a6987ce4339ab6a4fb015504c456c683) Importer(815301076,1909f56bfc062723c751e8b465ee728b)
Start importing Assets/sky5X/sky5X_textures/skyX54-y.png using Guid(a6987ce4339ab6a4fb015504c456c683) Importer(815301076,1909f56bfc062723c751e8b465ee728b)  -> (artifact id: 'b83692f351bf08549b49652302bfe4fb') in 0.032865 seconds 
  Import took 0.081948 seconds .

========================================================================
Received Import Request.
  Time since last request: 6.576992 seconds.
  path: Assets/sky5X/sky5X_textures/skyX54-z.png
  artifactKey: Guid(4f15d8b16d6fda145a283b65e7594656) Importer(815301076,1909f56bfc062723c751e8b465ee728b)
Start importing Assets/sky5X/sky5X_textures/skyX54-z.png using Guid(4f15d8b16d6fda145a283b65e7594656) Importer(815301076,1909f56bfc062723c751e8b465ee728b)  -> (artifact id: 'adddf33b87972748fcbd4672442c1c41') in 0.033021 seconds 
  Import took 0.069814 seconds .

========================================================================
Received Prepare
Registering precompiled user dll's ...
Registered in 0.062586 seconds.
Begin MonoManager ReloadAssembly
Native extension for WindowsStandalone target not found
Refreshing native plugins compatible for Editor in 1.20 ms, found 2 plugins.
Preloading 0 native plugins for Editor in 0.00 ms.
Mono: successfully reloaded assembly
- Completed reload, in  1.264 seconds
Domain Reload Profiling:
	ReloadAssembly (1264ms)
		BeginReloadAssembly (166ms)
			ExecutionOrderSort (0ms)
			DisableScriptedObjects (6ms)
			BackupInstance (0ms)
			ReleaseScriptingObjects (0ms)
			CreateAndSetChildDomain (40ms)
		EndReloadAssembly (1023ms)
			LoadAssemblies (144ms)
			RebuildTransferFunctionScriptingTraits (0ms)
			SetupTypeCache (359ms)
			ReleaseScriptCaches (1ms)
			RebuildScriptCaches (49ms)
			SetupLoadedEditorAssemblies (369ms)
				LogAssemblyErrors (0ms)
				InitializePlatformSupportModulesInManaged (6ms)
				SetLoadedEditorAssemblies (1ms)
				RefreshPlugins (1ms)
				BeforeProcessingInitializeOnLoad (118ms)
				ProcessInitializeOnLoadAttributes (224ms)
				ProcessInitializeOnLoadMethodAttributes (13ms)
				AfterProcessingInitializeOnLoad (5ms)
				EditorAssembliesLoaded (0ms)
			ExecutionOrderSort2 (0ms)
			AwakeInstancesAfterBackupRestoration (10ms)
Platform modules already initialized, skipping
Refreshing native plugins compatible for Editor in 1.19 ms, found 2 plugins.
Preloading 0 native plugins for Editor in 0.00 ms.
Unloading 1605 Unused Serialized files (Serialized files now loaded: 0)
System memory in use before: 176.6 MB.
System memory in use after: 176.3 MB.

Unloading 21 unused Assets to reduce memory usage. Loaded Objects now: 2125.
Total: 3.563400 ms (FindLiveObjects: 0.166900 ms CreateObjectMapping: 0.065600 ms MarkObjects: 3.038600 ms  DeleteObjects: 0.290900 ms)

AssetImportParameters requested are different than current active one (requested -> active):
  custom:framework-win-MediaFoundation: 216162199b28c13a410421893ffa2e32 -> 
  custom:video-decoder-ogg-theora: a1e56fd34408186e4bbccfd4996cb3dc -> 
  custom:container-muxer-webm: aa71ff27fc2769a1b78a27578f13a17b -> 
  custom:container-demuxer-webm: 4f35f7cbe854078d1ac9338744f61a02 -> 
  custom:container-demuxer-ogg: 62fdf1f143b41e24485cea50d1cbac27 -> 
  custom:video-encoder-webm-vp8: eb34c28f22e8b96e1ab97ce403110664 -> 
  custom:video-decoder-webm-vp8: 9c59270c3fd7afecdb556c50c9e8de78 -> 
  custom:audio-decoder-ogg-vorbis: bf7c407c2cedff20999df2af8eb42d56 -> 
  custom:audio-encoder-webm-vorbis: bf7c407c2cedff20999df2af8eb42d56 -> 
========================================================================
Received Prepare
Registering precompiled user dll's ...
Registered in 0.009400 seconds.
Begin MonoManager ReloadAssembly
Native extension for WindowsStandalone target not found
Refreshing native plugins compatible for Editor in 1.48 ms, found 2 plugins.
Preloading 0 native plugins for Editor in 0.00 ms.
Mono: successfully reloaded assembly
- Completed reload, in  1.553 seconds
Domain Reload Profiling:
	ReloadAssembly (1554ms)
		BeginReloadAssembly (183ms)
			ExecutionOrderSort (0ms)
			DisableScriptedObjects (7ms)
			BackupInstance (0ms)
			ReleaseScriptingObjects (0ms)
			CreateAndSetChildDomain (38ms)
		EndReloadAssembly (1283ms)
			LoadAssemblies (169ms)
			RebuildTransferFunctionScriptingTraits (0ms)
			SetupTypeCache (471ms)
			ReleaseScriptCaches (1ms)
			RebuildScriptCaches (69ms)
			SetupLoadedEditorAssemblies (381ms)
				LogAssemblyErrors (0ms)
				InitializePlatformSupportModulesInManaged (5ms)
				SetLoadedEditorAssemblies (1ms)
				RefreshPlugins (2ms)
				BeforeProcessingInitializeOnLoad (115ms)
				ProcessInitializeOnLoadAttributes (238ms)
				ProcessInitializeOnLoadMethodAttributes (15ms)
				AfterProcessingInitializeOnLoad (5ms)
				EditorAssembliesLoaded (0ms)
			ExecutionOrderSort2 (0ms)
			AwakeInstancesAfterBackupRestoration (10ms)
Platform modules already initialized, skipping
Refreshing native plugins compatible for Editor in 1.20 ms, found 2 plugins.
Preloading 0 native plugins for Editor in 0.00 ms.
Unloading 1596 Unused Serialized files (Serialized files now loaded: 0)
System memory in use before: 175.4 MB.
System memory in use after: 175.5 MB.

Unloading 18 unused Assets to reduce memory usage. Loaded Objects now: 2124.
Total: 3.052000 ms (FindLiveObjects: 0.165700 ms CreateObjectMapping: 0.064900 ms MarkObjects: 2.783500 ms  DeleteObjects: 0.036700 ms)

AssetImportParameters requested are different than current active one (requested -> active):
  custom:framework-win-MediaFoundation: 216162199b28c13a410421893ffa2e32 -> 
  custom:video-decoder-ogg-theora: a1e56fd34408186e4bbccfd4996cb3dc -> 
  custom:container-muxer-webm: aa71ff27fc2769a1b78a27578f13a17b -> 
  custom:container-demuxer-webm: 4f35f7cbe854078d1ac9338744f61a02 -> 
  custom:container-demuxer-ogg: 62fdf1f143b41e24485cea50d1cbac27 -> 
  custom:video-encoder-webm-vp8: eb34c28f22e8b96e1ab97ce403110664 -> 
  custom:video-decoder-webm-vp8: 9c59270c3fd7afecdb556c50c9e8de78 -> 
  custom:audio-decoder-ogg-vorbis: bf7c407c2cedff20999df2af8eb42d56 -> 
  custom:audio-encoder-webm-vorbis: bf7c407c2cedff20999df2af8eb42d56 -> 
========================================================================
Received Prepare
Registering precompiled user dll's ...
Registered in 0.011899 seconds.
Begin MonoManager ReloadAssembly
Native extension for WindowsStandalone target not found
Refreshing native plugins compatible for Editor in 1.19 ms, found 2 plugins.
Preloading 0 native plugins for Editor in 0.00 ms.
Mono: successfully reloaded assembly
- Completed reload, in  1.447 seconds
Domain Reload Profiling:
	ReloadAssembly (1448ms)
		BeginReloadAssembly (184ms)
			ExecutionOrderSort (0ms)
			DisableScriptedObjects (9ms)
			BackupInstance (0ms)
			ReleaseScriptingObjects (0ms)
			CreateAndSetChildDomain (46ms)
		EndReloadAssembly (1181ms)
			LoadAssemblies (155ms)
			RebuildTransferFunctionScriptingTraits (0ms)
			SetupTypeCache (385ms)
			ReleaseScriptCaches (1ms)
			RebuildScriptCaches (61ms)
			SetupLoadedEditorAssemblies (457ms)
				LogAssemblyErrors (0ms)
				InitializePlatformSupportModulesInManaged (6ms)
				SetLoadedEditorAssemblies (1ms)
				RefreshPlugins (1ms)
				BeforeProcessingInitializeOnLoad (132ms)
				ProcessInitializeOnLoadAttributes (292ms)
				ProcessInitializeOnLoadMethodAttributes (18ms)
				AfterProcessingInitializeOnLoad (6ms)
				EditorAssembliesLoaded (0ms)
			ExecutionOrderSort2 (0ms)
			AwakeInstancesAfterBackupRestoration (11ms)
Platform modules already initialized, skipping
Refreshing native plugins compatible for Editor in 1.19 ms, found 2 plugins.
Preloading 0 native plugins for Editor in 0.00 ms.
Unloading 1596 Unused Serialized files (Serialized files now loaded: 0)
System memory in use before: 175.4 MB.
System memory in use after: 175.5 MB.

Unloading 15 unused Assets to reduce memory usage. Loaded Objects now: 2126.
Total: 3.223100 ms (FindLiveObjects: 0.193500 ms CreateObjectMapping: 0.104300 ms MarkObjects: 2.899700 ms  DeleteObjects: 0.024000 ms)

AssetImportParameters requested are different than current active one (requested -> active):
  custom:framework-win-MediaFoundation: 216162199b28c13a410421893ffa2e32 -> 
  custom:video-decoder-ogg-theora: a1e56fd34408186e4bbccfd4996cb3dc -> 
  custom:container-muxer-webm: aa71ff27fc2769a1b78a27578f13a17b -> 
  custom:container-demuxer-webm: 4f35f7cbe854078d1ac9338744f61a02 -> 
  custom:container-demuxer-ogg: 62fdf1f143b41e24485cea50d1cbac27 -> 
  custom:video-encoder-webm-vp8: eb34c28f22e8b96e1ab97ce403110664 -> 
  custom:video-decoder-webm-vp8: 9c59270c3fd7afecdb556c50c9e8de78 -> 
  custom:audio-decoder-ogg-vorbis: bf7c407c2cedff20999df2af8eb42d56 -> 
  custom:audio-encoder-webm-vorbis: bf7c407c2cedff20999df2af8eb42d56 -> 
========================================================================
Received Import Request.
  Time since last request: 1410.902946 seconds.
  path: Assets/SceneTest.cs
  artifactKey: Guid(328bd521ec6b329498ae44566808987f) Importer(815301076,1909f56bfc062723c751e8b465ee728b)
Start importing Assets/SceneTest.cs using Guid(328bd521ec6b329498ae44566808987f) Importer(815301076,1909f56bfc062723c751e8b465ee728b)  -> (artifact id: 'f04931c4d2be95da380fb7b418423617') in 0.017128 seconds 
  Import took 0.044737 seconds .

========================================================================
Received Prepare
Registering precompiled user dll's ...
Registered in 0.010819 seconds.
Begin MonoManager ReloadAssembly
Native extension for WindowsStandalone target not found
Refreshing native plugins compatible for Editor in 1.99 ms, found 2 plugins.
Preloading 0 native plugins for Editor in 0.00 ms.
Mono: successfully reloaded assembly
- Completed reload, in  1.756 seconds
Domain Reload Profiling:
	ReloadAssembly (1757ms)
		BeginReloadAssembly (541ms)
			ExecutionOrderSort (0ms)
			DisableScriptedObjects (6ms)
			BackupInstance (0ms)
			ReleaseScriptingObjects (0ms)
			CreateAndSetChildDomain (60ms)
		EndReloadAssembly (1128ms)
			LoadAssemblies (501ms)
			RebuildTransferFunctionScriptingTraits (0ms)
			SetupTypeCache (397ms)
			ReleaseScriptCaches (1ms)
			RebuildScriptCaches (56ms)
			SetupLoadedEditorAssemblies (409ms)
				LogAssemblyErrors (0ms)
				InitializePlatformSupportModulesInManaged (7ms)
				SetLoadedEditorAssemblies (1ms)
				RefreshPlugins (2ms)
				BeforeProcessingInitializeOnLoad (130ms)
				ProcessInitializeOnLoadAttributes (250ms)
				ProcessInitializeOnLoadMethodAttributes (14ms)
				AfterProcessingInitializeOnLoad (5ms)
				EditorAssembliesLoaded (1ms)
			ExecutionOrderSort2 (0ms)
			AwakeInstancesAfterBackupRestoration (9ms)
Platform modules already initialized, skipping
Refreshing native plugins compatible for Editor in 1.96 ms, found 2 plugins.
Preloading 0 native plugins for Editor in 0.00 ms.
Unloading 1596 Unused Serialized files (Serialized files now loaded: 0)
System memory in use before: 175.4 MB.
System memory in use after: 175.5 MB.

Unloading 15 unused Assets to reduce memory usage. Loaded Objects now: 2128.
Total: 3.091400 ms (FindLiveObjects: 0.170500 ms CreateObjectMapping: 0.110600 ms MarkObjects: 2.780300 ms  DeleteObjects: 0.028500 ms)

AssetImportParameters requested are different than current active one (requested -> active):
  custom:framework-win-MediaFoundation: 216162199b28c13a410421893ffa2e32 -> 
  custom:video-decoder-ogg-theora: a1e56fd34408186e4bbccfd4996cb3dc -> 
  custom:container-muxer-webm: aa71ff27fc2769a1b78a27578f13a17b -> 
  custom:container-demuxer-webm: 4f35f7cbe854078d1ac9338744f61a02 -> 
  custom:container-demuxer-ogg: 62fdf1f143b41e24485cea50d1cbac27 -> 
  custom:video-encoder-webm-vp8: eb34c28f22e8b96e1ab97ce403110664 -> 
  custom:video-decoder-webm-vp8: 9c59270c3fd7afecdb556c50c9e8de78 -> 
  custom:audio-decoder-ogg-vorbis: bf7c407c2cedff20999df2af8eb42d56 -> 
  custom:audio-encoder-webm-vorbis: bf7c407c2cedff20999df2af8eb42d56 -> 
========================================================================
Received Import Request.
  Time since last request: 20.117230 seconds.
  path: Assets/SceneTest.cs
  artifactKey: Guid(328bd521ec6b329498ae44566808987f) Importer(815301076,1909f56bfc062723c751e8b465ee728b)
Start importing Assets/SceneTest.cs using Guid(328bd521ec6b329498ae44566808987f) Importer(815301076,1909f56bfc062723c751e8b465ee728b)  -> (artifact id: '27e0df4438f88ab00c8648dd52f88b17') in 0.007464 seconds 
  Import took 0.020157 seconds .

========================================================================
Received Prepare
Registering precompiled user dll's ...
Registered in 0.011386 seconds.
Begin MonoManager ReloadAssembly
Native extension for WindowsStandalone target not found
Refreshing native plugins compatible for Editor in 1.18 ms, found 2 plugins.
Preloading 0 native plugins for Editor in 0.00 ms.
Mono: successfully reloaded assembly
- Completed reload, in  1.404 seconds
Domain Reload Profiling:
	ReloadAssembly (1405ms)
		BeginReloadAssembly (204ms)
			ExecutionOrderSort (0ms)
			DisableScriptedObjects (11ms)
			BackupInstance (0ms)
			ReleaseScriptingObjects (0ms)
			CreateAndSetChildDomain (37ms)
		EndReloadAssembly (1117ms)
			LoadAssemblies (181ms)
			RebuildTransferFunctionScriptingTraits (0ms)
			SetupTypeCache (392ms)
			ReleaseScriptCaches (1ms)
			RebuildScriptCaches (56ms)
			SetupLoadedEditorAssemblies (400ms)
				LogAssemblyErrors (0ms)
				InitializePlatformSupportModulesInManaged (6ms)
				SetLoadedEditorAssemblies (1ms)
				RefreshPlugins (1ms)
				BeforeProcessingInitializeOnLoad (126ms)
				ProcessInitializeOnLoadAttributes (248ms)
				ProcessInitializeOnLoadMethodAttributes (12ms)
				AfterProcessingInitializeOnLoad (6ms)
				EditorAssembliesLoaded (0ms)
			ExecutionOrderSort2 (0ms)
			AwakeInstancesAfterBackupRestoration (10ms)
Platform modules already initialized, skipping
Refreshing native plugins compatible for Editor in 1.26 ms, found 2 plugins.
Preloading 0 native plugins for Editor in 0.00 ms.
Unloading 1595 Unused Serialized files (Serialized files now loaded: 0)
System memory in use before: 175.4 MB.
System memory in use after: 175.5 MB.

Unloading 16 unused Assets to reduce memory usage. Loaded Objects now: 2129.
Total: 3.460700 ms (FindLiveObjects: 0.198600 ms CreateObjectMapping: 0.076800 ms MarkObjects: 3.158900 ms  DeleteObjects: 0.024800 ms)

AssetImportParameters requested are different than current active one (requested -> active):
  custom:framework-win-MediaFoundation: 216162199b28c13a410421893ffa2e32 -> 
  custom:video-decoder-ogg-theora: a1e56fd34408186e4bbccfd4996cb3dc -> 
  custom:container-muxer-webm: aa71ff27fc2769a1b78a27578f13a17b -> 
  custom:container-demuxer-webm: 4f35f7cbe854078d1ac9338744f61a02 -> 
  custom:container-demuxer-ogg: 62fdf1f143b41e24485cea50d1cbac27 -> 
  custom:video-encoder-webm-vp8: eb34c28f22e8b96e1ab97ce403110664 -> 
  custom:video-decoder-webm-vp8: 9c59270c3fd7afecdb556c50c9e8de78 -> 
  custom:audio-decoder-ogg-vorbis: bf7c407c2cedff20999df2af8eb42d56 -> 
  custom:audio-encoder-webm-vorbis: bf7c407c2cedff20999df2af8eb42d56 -> 
AssetImportWorkerClient::OnTransportError - code=2 error=End of file
